Test
Test
Test
Test
Test
Test
2018-04-12 12:04:27 [2@ramylson-vmk]
Função indefinida CronTask::cronoptimize (para cron)
2018-04-12 12:06:28 [@ramylson-vmk]
Função indefinida CronTask::cronoptimize (para cron)
2018-04-12 12:06:44 [@ramylson-vmk]
Função indefinida CronTask::cronoptimize (para cron)
2018-04-12 13:02:56 [2@ramylson-vmk]
Função indefinida CronTask::cronoptimize (para cron)
2018-04-12 13:03:32 [@ramylson-vmk]
Função indefinida CronTask::cronoptimize (para cron)
2018-04-12 13:04:10 [@ramylson-vmk]
Função indefinida CronTask::cronoptimize (para cron)
2018-04-12 13:05:56 [@ramylson-vmk]
Função indefinida CronTask::cronoptimize (para cron)
2018-04-12 13:07:03 [@ramylson-vmk]
Função indefinida CronTask::cronoptimize (para cron)
2018-04-12 13:07:07 [@ramylson-vmk]
  *** PHP Notice(8): Undefined index: glpilanguage
  Backtrace :
  inc/html.class.php:1153                            
  inc/html.class.php:1797                            Html::includeHeader()
  front/login.php:83                                 Html::nullHeader()
2018-04-12 13:07:07 [@ramylson-vmk]
  *** PHP Notice(8): Undefined index: 
  Backtrace :
  inc/html.class.php:1153                            
  inc/html.class.php:1797                            Html::includeHeader()
  front/login.php:83                                 Html::nullHeader()
2018-04-12 13:07:14 [@ramylson-vmk]
Função indefinida CronTask::cronoptimize (para cron)
2018-04-12 13:11:56 [2@ramylson-vmk]
Função indefinida CronTask::cronoptimize (para cron)
2018-04-12 13:17:36 [2@ramylson-vmk]
Função indefinida CronTask::cronoptimize (para cron)
2018-04-12 13:22:40 [2@ramylson-vmk]
Função indefinida CronTask::cronoptimize (para cron)
2018-04-12 13:23:05 [@ramylson-vmk]
Função indefinida CronTask::cronoptimize (para cron)
2018-04-12 13:23:09 [@ramylson-vmk]
Função indefinida CronTask::cronoptimize (para cron)
2018-04-12 13:24:23 [@ramylson-vmk]
Função indefinida CronTask::cronoptimize (para cron)
2018-04-12 13:25:26 [@ramylson-vmk]
Função indefinida CronTask::cronoptimize (para cron)
2018-04-12 13:25:54 [@ramylson-vmk]
Função indefinida CronTask::cronoptimize (para cron)
2018-04-12 13:27:17 [@ramylson-vmk]
Função indefinida CronTask::cronoptimize (para cron)
2018-04-12 13:27:42 [@ramylson-vmk]
Função indefinida CronTask::cronoptimize (para cron)
2018-04-12 13:28:18 [2@ramylson-vmk]
Função indefinida CronTask::cronoptimize (para cron)
2018-04-12 13:28:23 [@ramylson-vmk]
Função indefinida CronTask::cronoptimize (para cron)
2018-04-12 13:36:11 [@ramylson-vmk]
Função indefinida CronTask::cronoptimize (para cron)
2018-04-12 13:36:24 [2@ramylson-vmk]
Função indefinida CronTask::cronoptimize (para cron)
2018-04-12 13:40:46 [@ramylson-vmk]
Função indefinida CronTask::cronoptimize (para cron)
2018-04-12 13:52:53 [2@ramylson-vmk]
Função indefinida CronTask::cronoptimize (para cron)
2018-04-12 14:01:47 [2@ramylson-vmk]
Função indefinida CronTask::cronoptimize (para cron)
2018-04-12 14:19:21 [2@ramylson-vmk]
Função indefinida CronTask::cronoptimize (para cron)
2018-04-12 14:24:32 [2@ramylson-vmk]
Função indefinida CronTask::cronoptimize (para cron)
2018-04-12 15:07:42 [2@ramylson-vmk]
Função indefinida CronTask::cronoptimize (para cron)
2018-04-12 15:53:00 [2@ramylson-vmk]
Função indefinida CronTask::cronoptimize (para cron)
2018-04-12 16:00:59 [2@ramylson-vmk]
Função indefinida CronTask::cronoptimize (para cron)
2018-04-12 16:05:46 [6@ramylson-vmk]
Função indefinida CronTask::cronoptimize (para cron)
2018-04-12 16:05:52 [@ramylson-vmk]
Função indefinida CronTask::cronoptimize (para cron)
2018-04-12 16:08:32 [2@ramylson-vmk]
Função indefinida CronTask::cronoptimize (para cron)
2018-04-12 16:26:51 [2@ramylson-vmk]
Função indefinida CronTask::cronoptimize (para cron)
2018-04-12 16:41:37 [2@ramylson-vmk]
Função indefinida CronTask::cronoptimize (para cron)
2018-04-12 16:42:05 [@ramylson-vmk]
Função indefinida CronTask::cronoptimize (para cron)
2018-04-12 16:49:07 [6@ramylson-vmk]
Função indefinida CronTask::cronoptimize (para cron)
2018-04-12 16:49:26 [@ramylson-vmk]
Função indefinida CronTask::cronoptimize (para cron)
2018-04-12 16:49:29 [2@ramylson-vmk]
Função indefinida CronTask::cronoptimize (para cron)
2018-04-12 17:16:35 [2@ramylson-vmk]
Função indefinida CronTask::cronoptimize (para cron)
2018-04-12 17:17:28 [@ramylson-vmk]
Função indefinida CronTask::cronoptimize (para cron)
2018-04-12 17:17:36 [@ramylson-vmk]
Função indefinida CronTask::cronoptimize (para cron)
2018-04-13 14:09:17 [2@ramylson-vmk]
Função indefinida CronTask::cronoptimize (para cron)
2018-04-13 14:09:20 [@ramylson-vmk]
Função indefinida CronTask::cronoptimize (para cron)
2018-04-13 14:09:55 [@ramylson-vmk]
Função indefinida CronTask::cronoptimize (para cron)
2018-04-13 14:14:23 [2@ramylson-vmk]
Função indefinida CronTask::cronoptimize (para cron)
2018-04-13 14:33:01 [@ramylson-vmk]
Função indefinida CronTask::cronoptimize (para cron)
2018-04-13 14:36:36 [2@ramylson-vmk]
Função indefinida CronTask::cronoptimize (para cron)
2018-04-13 15:35:32 [2@ramylson-vmk]
Função indefinida CronTask::cronoptimize (para cron)
2018-04-13 15:47:54 [@ramylson-vmk]
Função indefinida CronTask::cronoptimize (para cron)
2018-04-13 16:20:55 [2@ramylson-vmk]
Função indefinida CronTask::cronoptimize (para cron)
2018-04-13 16:20:58 [@ramylson-vmk]
Função indefinida CronTask::cronoptimize (para cron)
2018-04-13 16:21:34 [@ramylson-vmk]
Função indefinida CronTask::cronoptimize (para cron)
2018-04-13 16:21:56 [@ramylson-vmk]
Função indefinida CronTask::cronoptimize (para cron)
2018-04-13 16:22:16 [@ramylson-vmk]
Função indefinida CronTask::cronoptimize (para cron)
2018-04-13 16:22:31 [@ramylson-vmk]
Função indefinida CronTask::cronoptimize (para cron)
2018-04-13 16:22:49 [@ramylson-vmk]
Função indefinida CronTask::cronoptimize (para cron)
2018-04-13 16:22:52 [@ramylson-vmk]
Função indefinida CronTask::cronoptimize (para cron)
2018-04-13 16:22:56 [@ramylson-vmk]
Função indefinida CronTask::cronoptimize (para cron)
2018-04-13 16:23:29 [@ramylson-vmk]
Função indefinida CronTask::cronoptimize (para cron)
2018-04-13 16:23:48 [@ramylson-vmk]
Função indefinida CronTask::cronoptimize (para cron)
2018-04-13 16:24:39 [@ramylson-vmk]
Função indefinida CronTask::cronoptimize (para cron)
2018-04-13 16:24:46 [@ramylson-vmk]
Função indefinida CronTask::cronoptimize (para cron)
2018-04-13 16:28:03 [@ramylson-vmk]
Função indefinida CronTask::cronoptimize (para cron)
2018-04-13 16:29:08 [6@ramylson-vmk]
Função indefinida CronTask::cronoptimize (para cron)
2018-04-13 16:29:11 [@ramylson-vmk]
Função indefinida CronTask::cronoptimize (para cron)
2018-04-13 16:29:35 [@ramylson-vmk]
Função indefinida CronTask::cronoptimize (para cron)
2018-04-13 16:30:08 [@ramylson-vmk]
Função indefinida CronTask::cronoptimize (para cron)
2018-04-13 16:56:19 [2@ramylson-vmk]
Função indefinida CronTask::cronoptimize (para cron)
2018-04-13 17:01:23 [2@ramylson-vmk]
Função indefinida CronTask::cronoptimize (para cron)
2018-04-13 17:07:44 [@ramylson-vmk]
Função indefinida CronTask::cronoptimize (para cron)
2018-04-13 17:08:59 [2@ramylson-vmk]
Função indefinida CronTask::cronoptimize (para cron)
2018-04-13 17:11:29 [@ramylson-vmk]
Função indefinida CronTask::cronoptimize (para cron)
2018-04-13 17:12:23 [@ramylson-vmk]
Função indefinida CronTask::cronoptimize (para cron)
2018-04-13 17:12:31 [@ramylson-vmk]
Função indefinida CronTask::cronoptimize (para cron)
2018-04-13 17:16:28 [2@ramylson-vmk]
Função indefinida CronTask::cronoptimize (para cron)
2018-04-13 17:16:36 [@ramylson-vmk]
Função indefinida CronTask::cronoptimize (para cron)
2018-04-13 17:16:42 [@ramylson-vmk]
Função indefinida CronTask::cronoptimize (para cron)
2018-04-13 17:17:19 [@ramylson-vmk]
Função indefinida CronTask::cronoptimize (para cron)
2018-04-13 17:17:58 [@ramylson-vmk]
Função indefinida CronTask::cronoptimize (para cron)
2018-04-13 17:18:40 [6@ramylson-vmk]
Função indefinida CronTask::cronoptimize (para cron)
2018-04-13 17:19:12 [@ramylson-vmk]
Função indefinida CronTask::cronoptimize (para cron)
2018-04-13 17:20:42 [@ramylson-vmk]
Função indefinida CronTask::cronoptimize (para cron)
2018-04-13 17:21:48 [@ramylson-vmk]
Função indefinida CronTask::cronoptimize (para cron)
2018-04-13 17:23:41 [6@ramylson-vmk]
Função indefinida CronTask::cronoptimize (para cron)
2018-04-13 17:26:59 [8@ramylson-vmk]
Função indefinida CronTask::cronoptimize (para cron)
2018-04-13 17:28:56 [6@ramylson-vmk]
Função indefinida CronTask::cronoptimize (para cron)
2018-04-13 17:31:35 [@ramylson-vmk]
Função indefinida CronTask::cronoptimize (para cron)
2018-04-13 17:31:41 [@ramylson-vmk]
Função indefinida CronTask::cronoptimize (para cron)
2018-04-13 17:31:46 [@ramylson-vmk]
Função indefinida CronTask::cronoptimize (para cron)
2018-04-13 17:32:35 [@ramylson-vmk]
Função indefinida CronTask::cronoptimize (para cron)
2018-04-13 17:32:39 [@ramylson-vmk]
Função indefinida CronTask::cronoptimize (para cron)
2018-04-13 17:32:52 [@ramylson-vmk]
Função indefinida CronTask::cronoptimize (para cron)
2018-04-13 17:34:58 [@ramylson-vmk]
Função indefinida CronTask::cronoptimize (para cron)
2018-04-13 17:35:03 [@ramylson-vmk]
Função indefinida CronTask::cronoptimize (para cron)
2018-04-13 17:37:47 [@ramylson-vmk]
Função indefinida CronTask::cronoptimize (para cron)
2018-04-13 17:38:49 [@ramylson-vmk]
Função indefinida CronTask::cronoptimize (para cron)
2018-04-13 17:41:37 [@ramylson-vmk]
Função indefinida CronTask::cronoptimize (para cron)
2018-04-13 17:47:34 [6@ramylson-vmk]
Função indefinida CronTask::cronoptimize (para cron)
2018-04-14 10:33:07 [@ramylson-vmk]
Função indefinida CronTask::cronoptimize (para cron)
2018-04-14 10:38:05 [@ramylson-vmk]
Função indefinida CronTask::cronoptimize (para cron)
2018-04-14 10:38:24 [2@ramylson-vmk]
Função indefinida CronTask::cronoptimize (para cron)
2018-04-14 10:43:49 [2@ramylson-vmk]
Função indefinida CronTask::cronoptimize (para cron)
2018-04-14 10:48:56 [2@ramylson-vmk]
Função indefinida CronTask::cronoptimize (para cron)
2018-04-14 11:27:22 [6@ramylson-vmk]
Função indefinida CronTask::cronoptimize (para cron)
2018-04-14 11:37:07 [2@ramylson-vmk]
Função indefinida CronTask::cronoptimize (para cron)
2018-04-14 11:52:13 [2@ramylson-vmk]
Função indefinida CronTask::cronoptimize (para cron)
2018-04-14 11:52:16 [@ramylson-vmk]
Função indefinida CronTask::cronoptimize (para cron)
2018-04-18 14:18:07 [@ramylson-vmk]
Função indefinida CronTask::cronoptimize (para cron)
2018-04-18 14:31:28 [@ramylson-vmk]
Função indefinida CronTask::cronoptimize (para cron)
2018-04-18 14:34:52 [@ramylson-vmk]
Função indefinida CronTask::cronoptimize (para cron)
2018-04-18 14:50:26 [@ramylson-vmk]
Função indefinida CronTask::cronoptimize (para cron)
2018-04-18 14:51:41 [@ramylson-vmk]
Função indefinida CronTask::cronoptimize (para cron)
2018-04-18 14:52:37 [@ramylson-vmk]
Função indefinida CronTask::cronoptimize (para cron)
2018-04-18 14:55:40 [@ramylson-vmk]
Função indefinida CronTask::cronoptimize (para cron)
2018-04-18 14:55:46 [@ramylson-vmk]
Função indefinida CronTask::cronoptimize (para cron)
2018-04-18 14:55:47 [@ramylson-vmk]
Função indefinida CronTask::cronoptimize (para cron)
2018-04-18 14:55:48 [@ramylson-vmk]
Função indefinida CronTask::cronoptimize (para cron)
2018-04-18 14:55:48 [@ramylson-vmk]
Função indefinida CronTask::cronoptimize (para cron)
2018-04-18 14:55:48 [@ramylson-vmk]
Função indefinida CronTask::cronoptimize (para cron)
2018-04-18 14:55:49 [@ramylson-vmk]
Função indefinida CronTask::cronoptimize (para cron)
2018-04-18 14:55:49 [@ramylson-vmk]
Função indefinida CronTask::cronoptimize (para cron)
2018-04-18 14:55:49 [@ramylson-vmk]
Função indefinida CronTask::cronoptimize (para cron)
2018-04-18 14:55:49 [@ramylson-vmk]
Função indefinida CronTask::cronoptimize (para cron)
2018-04-18 14:55:49 [@ramylson-vmk]
Função indefinida CronTask::cronoptimize (para cron)
2018-04-18 14:55:49 [@ramylson-vmk]
Função indefinida CronTask::cronoptimize (para cron)
2018-04-18 14:55:50 [@ramylson-vmk]
Função indefinida CronTask::cronoptimize (para cron)
2018-04-18 14:55:50 [@ramylson-vmk]
Função indefinida CronTask::cronoptimize (para cron)
2018-04-18 14:56:17 [@ramylson-vmk]
Função indefinida CronTask::cronoptimize (para cron)
2018-04-18 15:31:48 [@ramylson-vmk]
Função indefinida CronTask::cronoptimize (para cron)
2018-04-18 15:31:49 [@ramylson-vmk]
Função indefinida CronTask::cronoptimize (para cron)
2018-04-18 15:31:49 [@ramylson-vmk]
Função indefinida CronTask::cronoptimize (para cron)
2018-04-18 15:31:50 [@ramylson-vmk]
Função indefinida CronTask::cronoptimize (para cron)
2018-04-18 15:31:56 [@ramylson-vmk]
Função indefinida CronTask::cronoptimize (para cron)
2018-04-18 15:32:40 [@ramylson-vmk]
Função indefinida CronTask::cronoptimize (para cron)
2018-04-18 15:36:18 [@ramylson-vmk]
Função indefinida CronTask::cronoptimize (para cron)
2018-04-18 15:38:26 [@ramylson-vmk]
Função indefinida CronTask::cronoptimize (para cron)
2018-04-18 15:38:32 [@ramylson-vmk]
Função indefinida CronTask::cronoptimize (para cron)
2018-04-18 15:39:14 [@ramylson-vmk]
Função indefinida CronTask::cronoptimize (para cron)
2018-04-18 15:39:15 [@ramylson-vmk]
Função indefinida CronTask::cronoptimize (para cron)
2018-04-18 15:39:16 [@ramylson-vmk]
Função indefinida CronTask::cronoptimize (para cron)
2018-04-18 15:39:21 [@ramylson-vmk]
Função indefinida CronTask::cronoptimize (para cron)
2018-04-18 15:44:27 [@ramylson-vmk]
Função indefinida CronTask::cronoptimize (para cron)
2018-04-18 15:45:25 [@ramylson-vmk]
Função indefinida CronTask::cronoptimize (para cron)
2018-04-18 15:45:26 [@ramylson-vmk]
Função indefinida CronTask::cronoptimize (para cron)
2018-04-18 15:46:22 [@ramylson-vmk]
Função indefinida CronTask::cronoptimize (para cron)
2018-04-18 15:46:27 [@ramylson-vmk]
Função indefinida CronTask::cronoptimize (para cron)
2018-04-18 16:04:11 [@ramylson-vmk]
Função indefinida CronTask::cronoptimize (para cron)
2018-04-18 16:04:52 [@ramylson-vmk]
Função indefinida CronTask::cronoptimize (para cron)
2018-04-18 16:23:03 [@ramylson-vmk]
Função indefinida CronTask::cronoptimize (para cron)
2018-04-18 16:23:03 [@ramylson-vmk]
Função indefinida CronTask::cronoptimize (para cron)
2018-04-18 16:23:11 [@ramylson-vmk]
Função indefinida CronTask::cronoptimize (para cron)
2018-04-18 16:24:51 [@ramylson-vmk]
Função indefinida CronTask::cronoptimize (para cron)
2018-04-18 16:24:59 [@ramylson-vmk]
Função indefinida CronTask::cronoptimize (para cron)
2018-04-18 16:25:00 [@ramylson-vmk]
Função indefinida CronTask::cronoptimize (para cron)
2018-04-18 16:30:10 [@ramylson-vmk]
Função indefinida CronTask::cronoptimize (para cron)
2018-04-18 16:30:29 [@ramylson-vmk]
Função indefinida CronTask::cronoptimize (para cron)
2018-04-18 16:30:42 [@ramylson-vmk]
Função indefinida CronTask::cronoptimize (para cron)
2018-04-18 16:32:48 [@ramylson-vmk]
Função indefinida CronTask::cronoptimize (para cron)
2018-04-18 16:33:32 [@ramylson-vmk]
Função indefinida CronTask::cronoptimize (para cron)
2018-04-18 16:33:58 [@ramylson-vmk]
Função indefinida CronTask::cronoptimize (para cron)
2018-04-18 16:33:59 [@ramylson-vmk]
Função indefinida CronTask::cronoptimize (para cron)
2018-04-18 16:36:56 [@ramylson-vmk]
Função indefinida CronTask::cronoptimize (para cron)
2018-04-18 16:41:29 [@ramylson-vmk]
Função indefinida CronTask::cronoptimize (para cron)
2018-04-18 16:42:38 [@ramylson-vmk]
Função indefinida CronTask::cronoptimize (para cron)
2018-04-18 16:59:04 [@ramylson-vmk]
Função indefinida CronTask::cronoptimize (para cron)
2018-04-18 16:59:15 [@ramylson-vmk]
Função indefinida CronTask::cronoptimize (para cron)
2018-04-18 16:59:29 [@ramylson-vmk]
Função indefinida CronTask::cronoptimize (para cron)
2018-04-18 16:59:52 [@ramylson-vmk]
Função indefinida CronTask::cronoptimize (para cron)
2018-04-18 17:00:04 [@ramylson-vmk]
Função indefinida CronTask::cronoptimize (para cron)
2018-04-18 17:00:22 [@ramylson-vmk]
Função indefinida CronTask::cronoptimize (para cron)
2018-04-18 17:01:02 [@ramylson-vmk]
Função indefinida CronTask::cronoptimize (para cron)
2018-04-18 17:01:37 [@ramylson-vmk]
Função indefinida CronTask::cronoptimize (para cron)
2018-04-18 17:01:45 [@ramylson-vmk]
Função indefinida CronTask::cronoptimize (para cron)
2018-04-18 17:01:56 [@ramylson-vmk]
Função indefinida CronTask::cronoptimize (para cron)
2018-04-18 17:02:06 [@ramylson-vmk]
Função indefinida CronTask::cronoptimize (para cron)
2018-04-18 17:05:30 [@ramylson-vmk]
Função indefinida CronTask::cronoptimize (para cron)
2018-04-18 17:05:32 [@ramylson-vmk]
Função indefinida CronTask::cronoptimize (para cron)
2018-04-18 17:05:38 [@ramylson-vmk]
Função indefinida CronTask::cronoptimize (para cron)
2018-04-18 17:06:43 [@ramylson-vmk]
Função indefinida CronTask::cronoptimize (para cron)
2018-04-18 17:07:55 [@ramylson-vmk]
Função indefinida CronTask::cronoptimize (para cron)
2018-04-18 17:08:41 [@ramylson-vmk]
Função indefinida CronTask::cronoptimize (para cron)
2018-04-18 17:08:46 [@ramylson-vmk]
Função indefinida CronTask::cronoptimize (para cron)
2018-04-18 17:09:09 [@ramylson-vmk]
Função indefinida CronTask::cronoptimize (para cron)
2018-04-18 17:09:17 [@ramylson-vmk]
Função indefinida CronTask::cronoptimize (para cron)
2018-04-18 17:09:24 [@ramylson-vmk]
Função indefinida CronTask::cronoptimize (para cron)
2018-04-18 17:09:25 [@ramylson-vmk]
Função indefinida CronTask::cronoptimize (para cron)
2018-04-18 17:09:25 [@ramylson-vmk]
Função indefinida CronTask::cronoptimize (para cron)
2018-04-18 17:09:49 [@ramylson-vmk]
Função indefinida CronTask::cronoptimize (para cron)
2018-04-18 17:11:52 [@ramylson-vmk]
Função indefinida CronTask::cronoptimize (para cron)
2018-04-18 17:14:21 [2@ramylson-vmk]
Função indefinida CronTask::cronoptimize (para cron)
2018-04-18 17:14:56 [@ramylson-vmk]
Função indefinida CronTask::cronoptimize (para cron)
2018-04-18 17:15:45 [@ramylson-vmk]
Função indefinida CronTask::cronoptimize (para cron)
2018-04-18 17:17:52 [@ramylson-vmk]
Função indefinida CronTask::cronoptimize (para cron)
2018-04-18 17:24:24 [2@ramylson-vmk]
Função indefinida CronTask::cronoptimize (para cron)
2018-04-18 17:28:02 [@ramylson-vmk]
Função indefinida CronTask::cronoptimize (para cron)
